<?xml version="1.0" encoding="UTF-8"?>
<Site BuildName="(empty)"
	BuildStamp="20240624-0854-Experimental"
	Name="g"
	Generator="ctest-3.21.0"
	CompilerName="/usr/bin/c++"
	CompilerVersion="9.4.0"
	OSName="Linux"
	Hostname="g"
	OSRelease="5.15.0-107-generic"
	OSVersion="#117~20.04.1-Ubuntu SMP Tue Apr 30 10:35:57 UTC 2024"
	OSPlatform="x86_64"
	Is64Bits="1"
	VendorString="GenuineIntel"
	VendorID="Intel Corporation"
	FamilyID="6"
	ModelID="154"
	ProcessorCacheSize="18432"
	NumberOfLogicalCPU="16"
	NumberOfPhysicalCPU="12"
	TotalVirtualMemory="2047"
	TotalPhysicalMemory="7511"
	LogicalProcessorsPerPhysical="1"
	ProcessorClockFrequency="3908.67"
	>
	<Testing>
		<StartDateTime>Jun 24 21:44 CST</StartDateTime>
		<StartTestTime>1719236687</StartTestTime>
		<TestList/>
		<EndDateTime>Jun 24 21:44 CST</EndDateTime>
		<EndTestTime>1719236687</EndTestTime>
		<ElapsedMinutes>0</ElapsedMinutes>
	</Testing>
</Site>
